Tue Jan 01 21:13:21 EST 2019 : Apache Derby Network Server - 10.14.2.0 - (1828579) started and ready to accept connections on port 1527
----------------------------------------------------------------
Tue Jan 01 21:13:41 EST 2019:
Booting Derby version The Apache Software Foundation - Apache Derby - 10.14.2.0 - (1828579): instance a816c00e-0168-0c56-2e92-ffffa7bcd791 
on database directory C:\Users\BriMc\Documents\NetBeansProjects\ToDoApp\db\ToDoDB with class loader sun.misc.Launcher$AppClassLoader@1d44bcfa 
Loaded from file:/C:/Program%20Files/Apache/db-derby-10.14.2.0-bin/lib/derby.jar
java.vendor=Oracle Corporation
java.runtime.version=1.8.0_192-b12
user.dir=C:\Program Files\Apache\db-derby-10.14.2.0-bin
os.name=Windows 10
os.arch=amd64
os.version=10.0
derby.system.home=C:\Users\BriMc\Documents\NetBeansProjects\ToDoApp\db
Database Class Loader started - derby.database.classpath=''
----------------------------------------------------------------
Tue Jan 01 21:13:42 EST 2019:
Shutting down instance a816c00e-0168-0c56-2e92-ffffa7bcd791 on database directory C:\Users\BriMc\Documents\NetBeansProjects\ToDoApp\db\ToDoDB with class loader sun.misc.Launcher$AppClassLoader@1d44bcfa 
Tue Jan 01 21:13:42 EST 2019 Thread[DRDAConnThread_3,5,main] (DATABASE = ToDoDB), (DRDAID = {2}), Database 'ToDoDB' shutdown.
----------------------------------------------------------------
Tue Jan 01 21:13:45 EST 2019:
Booting Derby version The Apache Software Foundation - Apache Derby - 10.14.2.0 - (1828579): instance 6ede40af-0168-0c56-2e92-ffffa7bcd791 
on database directory C:\Users\BriMc\Documents\NetBeansProjects\ToDoApp\db\ToDoDB with class loader sun.misc.Launcher$AppClassLoader@1d44bcfa 
Loaded from file:/C:/Program%20Files/Apache/db-derby-10.14.2.0-bin/lib/derby.jar
java.vendor=Oracle Corporation
java.runtime.version=1.8.0_192-b12
user.dir=C:\Program Files\Apache\db-derby-10.14.2.0-bin
os.name=Windows 10
os.arch=amd64
os.version=10.0
derby.system.home=C:\Users\BriMc\Documents\NetBeansProjects\ToDoApp\db
Database Class Loader started - derby.database.classpath=''
----------------------------------------------------------------
Tue Jan 01 23:43:32 EST 2019: Shutting down Derby engine
----------------------------------------------------------------
Tue Jan 01 23:43:32 EST 2019:
Shutting down instance 6ede40af-0168-0c56-2e92-ffffa7bcd791 on database directory C:\Users\BriMc\Documents\NetBeansProjects\ToDoApp\db\ToDoDB with class loader sun.misc.Launcher$AppClassLoader@1d44bcfa 
